<?xml version="1.0" encoding="utf-8"?><testsuite errors="0" failures="0" name="pytest" skipped="0" tests="8" time="0.050"><testcase classname="test_submit.SellersRanckingTests" file="test_submit.py" line="5" name="test_best_seller" time="0.000"></testcase><testcase classname="test_submit.SellersRanckingTests" file="test_submit.py" line="63" name="test_best_seller_store" time="0.002"></testcase><testcase classname="test_submit.SellersRanckingTests" file="test_submit.py" line="57" name="test_best_seller_store_two" time="0.000"></testcase><testcase classname="test_submit.SellersRanckingTests" file="test_submit.py" line="33" name="test_best_seller_three" time="0.001"></testcase><testcase classname="test_submit.SellersRanckingTests" file="test_submit.py" line="18" name="test_best_seller_two" time="0.001"></testcase><testcase classname="test_submit.SellersRanckingTests" file="test_submit.py" line="38" name="test_rancking_list" time="0.001"></testcase><testcase classname="test_submit.SellersRanckingTests" file="test_submit.py" line="51" name="test_rancking_list_two" time="0.002"></testcase><testcase classname="test_submit.SellersRanckingTests" file="test_submit.py" line="76" name="test_sales_goals" time="0.001"></testcase></testsuite>